<?xml version="1.0" encoding="UTF-8"?>
<robot generator="Robot 4.1.3 (Python 3.10.2 on darwin)" generated="20220212 09:48:23.530" rpa="false" schemaversion="2">
<suite id="s1" name="Verify Invalid Credentials Suite" source="/Users/balaji/Documents/Company/LT4/robot_framework/login_suite/verify_invalid_credentials_suite.robot">
<test id="s1-t1" name="TC1">
<kw name="Launch Browser" library="common_functionality" type="SETUP">
<kw name="Set Local Variable" library="BuiltIn">
<arg>${driver}</arg>
<arg>chromedriver</arg>
<doc>Makes a variable available everywhere within the local scope.</doc>
<msg timestamp="20220212 09:48:23.763" level="INFO">${driver} = chromedriver</msg>
<status status="PASS" starttime="20220212 09:48:23.762" endtime="20220212 09:48:23.763"/>
</kw>
<kw name="Log To Console" library="BuiltIn">
<arg>${EXECDIR}${/}drivers${/}${driver}</arg>
<doc>Logs the given message to the console.</doc>
<status status="PASS" starttime="20220212 09:48:23.764" endtime="20220212 09:48:23.764"/>
</kw>
<kw name="Open Browser" library="SeleniumLibrary">
<arg>browser=${BROWSER_NAME}</arg>
<arg>executable_path=${EXECDIR}${/}drivers${/}chromedriver</arg>
<doc>Opens a new browser instance to the optional ``url``.</doc>
<msg timestamp="20220212 09:48:23.765" level="INFO">Opening browser 'safari' to base url 'None'.</msg>
<msg timestamp="20220212 09:48:54.077" level="INFO">Cannot capture screenshot because no browser is open.</msg>
<msg timestamp="20220212 09:48:54.086" level="FAIL">WebDriverException: Message: Can not connect to the Service /Users/balaji/Documents/Company/LT4/robot_framework/drivers/chromedriver
</msg>
<status status="FAIL" starttime="20220212 09:48:23.764" endtime="20220212 09:48:54.086"/>
</kw>
<kw name="Maximize Browser Window" library="SeleniumLibrary">
<doc>Maximizes current browser window.</doc>
<status status="NOT RUN" starttime="20220212 09:48:54.087" endtime="20220212 09:48:54.087"/>
</kw>
<kw name="Set Selenium Implicit Wait" library="SeleniumLibrary">
<arg>30s</arg>
<doc>Sets the implicit wait value used by Selenium.</doc>
<status status="NOT RUN" starttime="20220212 09:48:54.087" endtime="20220212 09:48:54.087"/>
</kw>
<kw name="Set Screenshot Directory" library="SeleniumLibrary">
<arg>${EXECDIR}${/}screenshot</arg>
<doc>Sets the directory for captured screenshots.</doc>
<status status="NOT RUN" starttime="20220212 09:48:54.087" endtime="20220212 09:48:54.087"/>
</kw>
<kw name="Go To" library="SeleniumLibrary">
<arg>url=${URL}</arg>
<doc>Navigates the current browser window to the provided ``url``.</doc>
<status status="NOT RUN" starttime="20220212 09:48:54.088" endtime="20220212 09:48:54.088"/>
</kw>
<status status="FAIL" starttime="20220212 09:48:23.761" endtime="20220212 09:48:54.088"/>
</kw>
<kw name="End Browser" library="common_functionality" type="TEARDOWN">
<kw name="Close Browser" library="SeleniumLibrary">
<doc>Closes the current browser.</doc>
<status status="PASS" starttime="20220212 09:48:54.089" endtime="20220212 09:48:54.089"/>
</kw>
<status status="PASS" starttime="20220212 09:48:54.089" endtime="20220212 09:48:54.089"/>
</kw>
<status status="FAIL" starttime="20220212 09:48:23.760" endtime="20220212 09:48:54.090">Setup failed:
WebDriverException: Message: Can not connect to the Service /Users/balaji/Documents/Company/LT4/robot_framework/drivers/chromedriver
</status>
</test>
<test id="s1-t2" name="TC2">
<kw name="Launch Browser" library="common_functionality" type="SETUP">
<kw name="Set Local Variable" library="BuiltIn">
<arg>${driver}</arg>
<arg>chromedriver</arg>
<doc>Makes a variable available everywhere within the local scope.</doc>
<msg timestamp="20220212 09:48:54.092" level="INFO">${driver} = chromedriver</msg>
<status status="PASS" starttime="20220212 09:48:54.091" endtime="20220212 09:48:54.092"/>
</kw>
<kw name="Log To Console" library="BuiltIn">
<arg>${EXECDIR}${/}drivers${/}${driver}</arg>
<doc>Logs the given message to the console.</doc>
<status status="PASS" starttime="20220212 09:48:54.092" endtime="20220212 09:48:54.093"/>
</kw>
<kw name="Open Browser" library="SeleniumLibrary">
<arg>browser=${BROWSER_NAME}</arg>
<arg>executable_path=${EXECDIR}${/}drivers${/}chromedriver</arg>
<doc>Opens a new browser instance to the optional ``url``.</doc>
<msg timestamp="20220212 09:48:54.094" level="INFO">Opening browser 'safari' to base url 'None'.</msg>
<msg timestamp="20220212 09:48:54.602" level="INFO">Cannot capture screenshot because no browser is open.</msg>
<msg timestamp="20220212 09:48:54.604" level="FAIL">WebDriverException: Message: Service /Users/balaji/Documents/Company/LT4/robot_framework/drivers/chromedriver unexpectedly exited. Status code was: 1
</msg>
<status status="FAIL" starttime="20220212 09:48:54.093" endtime="20220212 09:48:54.604"/>
</kw>
<kw name="Maximize Browser Window" library="SeleniumLibrary">
<doc>Maximizes current browser window.</doc>
<status status="NOT RUN" starttime="20220212 09:48:54.605" endtime="20220212 09:48:54.605"/>
</kw>
<kw name="Set Selenium Implicit Wait" library="SeleniumLibrary">
<arg>30s</arg>
<doc>Sets the implicit wait value used by Selenium.</doc>
<status status="NOT RUN" starttime="20220212 09:48:54.606" endtime="20220212 09:48:54.606"/>
</kw>
<kw name="Set Screenshot Directory" library="SeleniumLibrary">
<arg>${EXECDIR}${/}screenshot</arg>
<doc>Sets the directory for captured screenshots.</doc>
<status status="NOT RUN" starttime="20220212 09:48:54.606" endtime="20220212 09:48:54.606"/>
</kw>
<kw name="Go To" library="SeleniumLibrary">
<arg>url=${URL}</arg>
<doc>Navigates the current browser window to the provided ``url``.</doc>
<status status="NOT RUN" starttime="20220212 09:48:54.606" endtime="20220212 09:48:54.606"/>
</kw>
<status status="FAIL" starttime="20220212 09:48:54.091" endtime="20220212 09:48:54.607"/>
</kw>
<kw name="End Browser" library="common_functionality" type="TEARDOWN">
<kw name="Close Browser" library="SeleniumLibrary">
<doc>Closes the current browser.</doc>
<status status="PASS" starttime="20220212 09:48:54.608" endtime="20220212 09:48:54.608"/>
</kw>
<status status="PASS" starttime="20220212 09:48:54.607" endtime="20220212 09:48:54.608"/>
</kw>
<status status="FAIL" starttime="20220212 09:48:54.090" endtime="20220212 09:48:54.608">Setup failed:
WebDriverException: Message: Service /Users/balaji/Documents/Company/LT4/robot_framework/drivers/chromedriver unexpectedly exited. Status code was: 1
</status>
</test>
<test id="s1-t3" name="TC3">
<kw name="Launch Browser" library="common_functionality" type="SETUP">
<kw name="Set Local Variable" library="BuiltIn">
<arg>${driver}</arg>
<arg>chromedriver</arg>
<doc>Makes a variable available everywhere within the local scope.</doc>
<msg timestamp="20220212 09:48:54.611" level="INFO">${driver} = chromedriver</msg>
<status status="PASS" starttime="20220212 09:48:54.610" endtime="20220212 09:48:54.611"/>
</kw>
<kw name="Log To Console" library="BuiltIn">
<arg>${EXECDIR}${/}drivers${/}${driver}</arg>
<doc>Logs the given message to the console.</doc>
<status status="PASS" starttime="20220212 09:48:54.611" endtime="20220212 09:48:54.612"/>
</kw>
<kw name="Open Browser" library="SeleniumLibrary">
<arg>browser=${BROWSER_NAME}</arg>
<arg>executable_path=${EXECDIR}${/}drivers${/}chromedriver</arg>
<doc>Opens a new browser instance to the optional ``url``.</doc>
<msg timestamp="20220212 09:48:54.613" level="INFO">Opening browser 'safari' to base url 'None'.</msg>
<msg timestamp="20220212 09:48:55.121" level="INFO">Cannot capture screenshot because no browser is open.</msg>
<msg timestamp="20220212 09:48:55.134" level="FAIL">WebDriverException: Message: Service /Users/balaji/Documents/Company/LT4/robot_framework/drivers/chromedriver unexpectedly exited. Status code was: 1
</msg>
<status status="FAIL" starttime="20220212 09:48:54.612" endtime="20220212 09:48:55.134"/>
</kw>
<kw name="Maximize Browser Window" library="SeleniumLibrary">
<doc>Maximizes current browser window.</doc>
<status status="NOT RUN" starttime="20220212 09:48:55.135" endtime="20220212 09:48:55.135"/>
</kw>
<kw name="Set Selenium Implicit Wait" library="SeleniumLibrary">
<arg>30s</arg>
<doc>Sets the implicit wait value used by Selenium.</doc>
<status status="NOT RUN" starttime="20220212 09:48:55.135" endtime="20220212 09:48:55.135"/>
</kw>
<kw name="Set Screenshot Directory" library="SeleniumLibrary">
<arg>${EXECDIR}${/}screenshot</arg>
<doc>Sets the directory for captured screenshots.</doc>
<status status="NOT RUN" starttime="20220212 09:48:55.135" endtime="20220212 09:48:55.135"/>
</kw>
<kw name="Go To" library="SeleniumLibrary">
<arg>url=${URL}</arg>
<doc>Navigates the current browser window to the provided ``url``.</doc>
<status status="NOT RUN" starttime="20220212 09:48:55.136" endtime="20220212 09:48:55.136"/>
</kw>
<status status="FAIL" starttime="20220212 09:48:54.609" endtime="20220212 09:48:55.136"/>
</kw>
<kw name="End Browser" library="common_functionality" type="TEARDOWN">
<kw name="Close Browser" library="SeleniumLibrary">
<doc>Closes the current browser.</doc>
<status status="PASS" starttime="20220212 09:48:55.137" endtime="20220212 09:48:55.138"/>
</kw>
<status status="PASS" starttime="20220212 09:48:55.137" endtime="20220212 09:48:55.138"/>
</kw>
<status status="FAIL" starttime="20220212 09:48:54.609" endtime="20220212 09:48:55.138">Setup failed:
WebDriverException: Message: Service /Users/balaji/Documents/Company/LT4/robot_framework/drivers/chromedriver unexpectedly exited. Status code was: 1
</status>
</test>
<test id="s1-t4" name="TC4">
<kw name="Launch Browser" library="common_functionality" type="SETUP">
<kw name="Set Local Variable" library="BuiltIn">
<arg>${driver}</arg>
<arg>chromedriver</arg>
<doc>Makes a variable available everywhere within the local scope.</doc>
<msg timestamp="20220212 09:48:55.141" level="INFO">${driver} = chromedriver</msg>
<status status="PASS" starttime="20220212 09:48:55.139" endtime="20220212 09:48:55.141"/>
</kw>
<kw name="Log To Console" library="BuiltIn">
<arg>${EXECDIR}${/}drivers${/}${driver}</arg>
<doc>Logs the given message to the console.</doc>
<status status="PASS" starttime="20220212 09:48:55.141" endtime="20220212 09:48:55.142"/>
</kw>
<kw name="Open Browser" library="SeleniumLibrary">
<arg>browser=${BROWSER_NAME}</arg>
<arg>executable_path=${EXECDIR}${/}drivers${/}chromedriver</arg>
<doc>Opens a new browser instance to the optional ``url``.</doc>
<msg timestamp="20220212 09:48:55.143" level="INFO">Opening browser 'safari' to base url 'None'.</msg>
<msg timestamp="20220212 09:48:55.659" level="INFO">Cannot capture screenshot because no browser is open.</msg>
<msg timestamp="20220212 09:48:55.662" level="FAIL">WebDriverException: Message: Service /Users/balaji/Documents/Company/LT4/robot_framework/drivers/chromedriver unexpectedly exited. Status code was: 1
</msg>
<status status="FAIL" starttime="20220212 09:48:55.142" endtime="20220212 09:48:55.662"/>
</kw>
<kw name="Maximize Browser Window" library="SeleniumLibrary">
<doc>Maximizes current browser window.</doc>
<status status="NOT RUN" starttime="20220212 09:48:55.663" endtime="20220212 09:48:55.664"/>
</kw>
<kw name="Set Selenium Implicit Wait" library="SeleniumLibrary">
<arg>30s</arg>
<doc>Sets the implicit wait value used by Selenium.</doc>
<status status="NOT RUN" starttime="20220212 09:48:55.664" endtime="20220212 09:48:55.664"/>
</kw>
<kw name="Set Screenshot Directory" library="SeleniumLibrary">
<arg>${EXECDIR}${/}screenshot</arg>
<doc>Sets the directory for captured screenshots.</doc>
<status status="NOT RUN" starttime="20220212 09:48:55.664" endtime="20220212 09:48:55.664"/>
</kw>
<kw name="Go To" library="SeleniumLibrary">
<arg>url=${URL}</arg>
<doc>Navigates the current browser window to the provided ``url``.</doc>
<status status="NOT RUN" starttime="20220212 09:48:55.664" endtime="20220212 09:48:55.664"/>
</kw>
<status status="FAIL" starttime="20220212 09:48:55.139" endtime="20220212 09:48:55.665"/>
</kw>
<kw name="End Browser" library="common_functionality" type="TEARDOWN">
<kw name="Close Browser" library="SeleniumLibrary">
<doc>Closes the current browser.</doc>
<status status="PASS" starttime="20220212 09:48:55.667" endtime="20220212 09:48:55.667"/>
</kw>
<status status="PASS" starttime="20220212 09:48:55.666" endtime="20220212 09:48:55.667"/>
</kw>
<status status="FAIL" starttime="20220212 09:48:55.138" endtime="20220212 09:48:55.668">Setup failed:
WebDriverException: Message: Service /Users/balaji/Documents/Company/LT4/robot_framework/drivers/chromedriver unexpectedly exited. Status code was: 1
</status>
</test>
<doc>This suit file handles all the test case related to the
invalid credentials</doc>
<status status="FAIL" starttime="20220212 09:48:23.531" endtime="20220212 09:48:55.669"/>
</suite>
<statistics>
<total>
<stat pass="0" fail="4" skip="0">All Tests</stat>
</total>
<tag>
</tag>
<suite>
<stat pass="0" fail="4" skip="0" id="s1" name="Verify Invalid Credentials Suite">Verify Invalid Credentials Suite</stat>
</suite>
</statistics>
<errors>
</errors>
</robot>
